<?xml version="1.0" encoding="UTF-8"?>
<testng-results ignored="0" total="2" passed="2" failed="0" skipped="0">
  <reporter-output>
  </reporter-output>
  <suite started-at="2023-11-24T03:23:05 GMT-08:00" name="Default suite" finished-at="2023-11-24T03:23:30 GMT-08:00" duration-ms="24304">
    <groups>
    </groups>
    <test started-at="2023-11-24T03:23:05 GMT-08:00" name="Default test" finished-at="2023-11-24T03:23:30 GMT-08:00" duration-ms="24304">
      <class name="TestCase.ModalTC">
        <test-method signature="smallmodal()[pri:1, instance:TestCase.ModalTC@574b7f4a]" started-at="2023-11-24T03:23:05 GMT-08:00" name="smallmodal" finished-at="2023-11-24T03:23:29 GMT-08:00" duration-ms="24028" status="PASS">
          <reporter-output>
          </reporter-output>
        </test-method> <!-- smallmodal -->
        <test-method signature="largemodal()[pri:2, instance:TestCase.ModalTC@574b7f4a]" started-at="2023-11-24T03:23:29 GMT-08:00" name="largemodal" finished-at="2023-11-24T03:23:30 GMT-08:00" duration-ms="164" status="PASS">
          <reporter-output>
          </reporter-output>
        </test-method> <!-- largemodal -->
      </class> <!-- TestCase.ModalTC -->
    </test> <!-- Default test -->
  </suite> <!-- Default suite -->
</testng-results>
